#
# There is insufficient memory for the Java Runtime Environment to continue.
# Native memory allocation (malloc) failed to allocate 32744 bytes for ChunkPool::allocate
# Possible reasons:
#   The system is out of physical RAM or swap space
#   In 32 bit mode, the process size limit was hit
# Possible solutions:
#   Reduce memory load on the system
#   Increase physical memory or swap space
#   Check if swap backing store is full
#   Use 64 bit Java on a 64 bit OS
#   Decrease Java heap size (-Xmx/-Xms)
#   Decrease number of Java threads
#   Decrease Java thread stack sizes (-Xss)
#   Set larger code cache with -XX:ReservedCodeCacheSize=
# This output file may be truncated or incomplete.
#
#  Out of Memory Error (allocation.cpp:273), pid=6492, tid=0x00000000000035c4
#
# JRE version: Java(TM) SE Runtime Environment (8.0_144-b01) (build 1.8.0_144-b01)
# Java VM: Java HotSpot(TM) 64-Bit Server VM (25.144-b01 mixed mode windows-amd64 compressed oops)
# Failed to write core dump. Minidumps are not enabled by default on client versions of Windows
#

---------------  T H R E A D  ---------------

Current thread (0x0000000017a86800):  JavaThread "C2 CompilerThread1" daemon [_thread_in_native, id=13764, stack(0x0000000019180000,0x0000000019280000)]

Stack: [0x0000000019180000,0x0000000019280000]
[error occurred during error reporting (printing stack bounds), id 0xc0000005]

Native frames: (J=compiled Java code, j=interpreted, Vv=VM code, C=native code)


Current CompileTask:
C2: 458497 4877       4       org.springframework.boot.devtools.filewatch.FolderSnapshot::collectFiles (99 bytes)


---------------  P R O C E S S  ---------------

Java Threads: ( => current thread )
  0x000000001d320800 JavaThread "DestroyJavaVM" [_thread_blocked, id=12848, stack(0x0000000002df0000,0x0000000002ef0000)]
  0x000000001d31c800 JavaThread "http-nio-8082-Acceptor" daemon [_thread_in_native, id=14728, stack(0x0000000023d80000,0x0000000023e80000)]
  0x000000001d31e000 JavaThread "http-nio-8082-ClientPoller" daemon [_thread_in_native, id=15696, stack(0x0000000023c80000,0x0000000023d80000)]
  0x000000001d315000 JavaThread "http-nio-8082-exec-10" daemon [_thread_blocked, id=964, stack(0x0000000023b80000,0x0000000023c80000)]
  0x000000001d319000 JavaThread "http-nio-8082-exec-9" daemon [_thread_blocked, id=7340, stack(0x0000000023a80000,0x0000000023b80000)]
  0x000000001d31b000 JavaThread "http-nio-8082-exec-8" daemon [_thread_blocked, id=11640, stack(0x0000000023980000,0x0000000023a80000)]
  0x000000001d317800 JavaThread "http-nio-8082-exec-7" daemon [_thread_blocked, id=15060, stack(0x0000000023880000,0x0000000023980000)]
  0x000000001d31c000 JavaThread "http-nio-8082-exec-6" daemon [_thread_blocked, id=9796, stack(0x0000000023780000,0x0000000023880000)]
  0x000000001d316800 JavaThread "http-nio-8082-exec-5" daemon [_thread_blocked, id=1828, stack(0x0000000023680000,0x0000000023780000)]
  0x000000001d313800 JavaThread "http-nio-8082-exec-4" daemon [_thread_blocked, id=13192, stack(0x0000000023580000,0x0000000023680000)]
  0x000000001d314800 JavaThread "http-nio-8082-exec-3" daemon [_thread_blocked, id=15880, stack(0x0000000023480000,0x0000000023580000)]
  0x000000001d31a800 JavaThread "http-nio-8082-exec-2" daemon [_thread_blocked, id=12252, stack(0x0000000023380000,0x0000000023480000)]
  0x000000001d319800 JavaThread "http-nio-8082-exec-1" daemon [_thread_blocked, id=1080, stack(0x0000000023280000,0x0000000023380000)]
  0x000000001d316000 JavaThread "http-nio-8082-BlockPoller" daemon [_thread_in_native, id=1944, stack(0x0000000023180000,0x0000000023280000)]
  0x000000001d318000 JavaThread "File Watcher" daemon [_thread_blocked, id=3728, stack(0x0000000021c10000,0x0000000021d10000)]
  0x000000001d313000 JavaThread "Live Reload Server" daemon [_thread_in_native, id=14032, stack(0x0000000021f00000,0x0000000022000000)]
  0x000000001c99b000 JavaThread "HikariPool-1 housekeeper" daemon [_thread_blocked, id=15356, stack(0x0000000021e00000,0x0000000021f00000)]
  0x000000001c99a000 JavaThread "mysql-cj-abandoned-connection-cleanup" daemon [_thread_blocked, id=4240, stack(0x0000000021710000,0x0000000021810000)]
  0x000000001c999800 JavaThread "container-0" [_thread_blocked, id=4940, stack(0x0000000021610000,0x0000000021710000)]
  0x000000001c99d000 JavaThread "Catalina-utility-2" [_thread_blocked, id=2372, stack(0x0000000020480000,0x0000000020580000)]
  0x000000001c998800 JavaThread "Catalina-utility-1" [_thread_blocked, id=5600, stack(0x000000001ff40000,0x0000000020040000)]
  0x000000001c99e000 JavaThread "JMX server connection timeout 19" daemon [_thread_blocked, id=1344, stack(0x0000000020380000,0x0000000020480000)]
  0x000000001c99c800 JavaThread "RMI Scheduler(0)" daemon [_thread_blocked, id=12768, stack(0x0000000020280000,0x0000000020380000)]
  0x000000001b416000 JavaThread "RMI TCP Accept-0" daemon [_thread_in_native, id=2912, stack(0x000000001a4c0000,0x000000001a5c0000)]
  0x00000000192a3800 JavaThread "Service Thread" daemon [_thread_blocked, id=12164, stack(0x0000000019780000,0x0000000019880000)]
  0x0000000017a89800 JavaThread "C1 CompilerThread2" daemon [_thread_blocked, id=6396, stack(0x0000000019680000,0x0000000019780000)]
=>0x0000000017a86800 JavaThread "C2 CompilerThread1" daemon [_thread_in_native, id=13764, stack(0x0000000019180000,0x0000000019280000)]
  0x0000000017a32800 JavaThread "C2 CompilerThread0" daemon [_thread_blocked, id=2704, stack(0x0000000019080000,0x0000000019180000)]
  0x0000000017a31800 JavaThread "Attach Listener" daemon [_thread_blocked, id=7696, stack(0x0000000018f80000,0x0000000019080000)]
  0x0000000017a30000 JavaThread "Signal Dispatcher" daemon [_thread_blocked, id=1056, stack(0x0000000018e80000,0x0000000018f80000)]
  0x0000000002fed800 JavaThread "Finalizer" daemon [_thread_blocked, id=8448, stack(0x0000000018c80000,0x0000000018d80000)]
  0x0000000002fe4000 JavaThread "Reference Handler" daemon [_thread_blocked, id=9800, stack(0x0000000018b80000,0x0000000018c80000)]

Other Threads:
  0x00000000179f7000 VMThread [stack: 0x0000000018a80000,0x0000000018b80000] [id=2504]
  0x00000000192bb800 WatcherThread [stack: 0x0000000019880000,0x0000000019980000] [id=7864]

VM state:not at safepoint (normal execution)

VM Mutex/Monitor currently owned by a thread: None

Heap:
 PSYoungGen      total 211456K, used 58741K [0x00000000d6700000, 0x00000000e4900000, 0x0000000100000000)
  eden space 194560K, 30% used [0x00000000d6700000,0x00000000da05d7b0,0x00000000e2500000)
  from space 16896K, 0% used [0x00000000e3800000,0x00000000e3800000,0x00000000e4880000)
  to   space 18432K, 0% used [0x00000000e2500000,0x00000000e2500000,0x00000000e3700000)
 ParOldGen       total 128512K, used 24711K [0x0000000083400000, 0x000000008b180000, 0x00000000d6700000)
  object space 128512K, 19% used [0x0000000083400000,0x0000000084c21c70,0x000000008b180000)
 Metaspace       used 60199K, capacity 63108K, committed 63256K, reserved 1103872K
  class space    used 8217K, capacity 8743K, committed 8752K, reserved 1048576K

Card table byte_map: [0x00000000123b0000,0x00000000127a0000] byte_map_base: 0x0000000011f96000

Marking Bits: (ParMarkBitMap*) 0x00000000543bd850
 Begin Bits: [0x0000000012e40000, 0x0000000014d70000)
 End Bits:   [0x0000000014d70000, 0x0000000016ca0000)

Polling page: 0x00000000013c0000

CodeCache: size=245760Kb used=14476Kb max_used=15336Kb free=231283Kb
 bounds [0x0000000002ff0000, 0x0000000003f40000, 0x0000000011ff0000]
 total_blobs=4696 nmethods=4142 adapters=466
 compilation: enabled

Compilation events (10 events):
Event: 393.836 Thread 0x0000000017a89800 nmethod 4872 0x00000000033eb510 code [0x00000000033eb760, 0x00000000033ec4b8]
Event: 396.092 Thread 0x0000000017a89800 4873       1       java.util.EventObject::getSource (5 bytes)
Event: 396.092 Thread 0x0000000017a89800 nmethod 4873 0x0000000003a0f210 code [0x0000000003a0f360, 0x0000000003a0f470]
Event: 431.697 Thread 0x0000000017a86800 4874       4       java.lang.Thread::interrupted (8 bytes)
Event: 431.698 Thread 0x0000000017a86800 nmethod 4874 0x000000000341af50 code [0x000000000341b0a0, 0x000000000341b128]
Event: 446.140 Thread 0x0000000017a89800 4875   !   3       org.apache.catalina.core.ContainerBase::findChildren (42 bytes)
Event: 446.140 Thread 0x0000000017a89800 nmethod 4875 0x0000000003a41290 code [0x0000000003a41420, 0x0000000003a41ab8]
Event: 456.263 Thread 0x0000000017a32800 4876       4       java.io.File::listFiles (52 bytes)
Event: 456.275 Thread 0x0000000017a32800 nmethod 4876 0x0000000003a40810 code [0x0000000003a409a0, 0x0000000003a40e98]
Event: 458.270 Thread 0x0000000017a86800 4877       4       org.springframework.boot.devtools.filewatch.FolderSnapshot::collectFiles (99 bytes)

GC Heap History (10 events):
Event: 4.559 GC heap before
{Heap before GC invocations=9 (full 1):
 PSYoungGen      total 135680K, used 75257K [0x00000000d6700000, 0x00000000e1780000, 0x0000000100000000)
  eden space 126976K, 52% used [0x00000000d6700000,0x00000000da804788,0x00000000de300000)
  from space 8704K, 99% used [0x00000000de300000,0x00000000deb79d98,0x00000000deb80000)
  to   space 11264K, 0% used [0x00000000e0c80000,0x00000000e0c80000,0x00000000e1780000)
 ParOldGen       total 56320K, used 10133K [0x0000000083400000, 0x0000000086b00000, 0x00000000d6700000)
  object space 56320K, 17% used [0x0000000083400000,0x0000000083de5428,0x0000000086b00000)
 Metaspace       used 33692K, capacity 35342K, committed 35496K, reserved 1079296K
  class space    used 4363K, capacity 4693K, committed 4784K, reserved 1048576K
Event: 4.571 GC heap after
Heap after GC invocations=9 (full 1):
 PSYoungGen      total 167936K, used 10056K [0x00000000d6700000, 0x00000000e3d00000, 0x0000000100000000)
  eden space 156672K, 0% used [0x00000000d6700000,0x00000000d6700000,0x00000000e0000000)
  from space 11264K, 89% used [0x00000000e0c80000,0x00000000e16521e0,0x00000000e1780000)
  to   space 12800K, 0% used [0x00000000e0000000,0x00000000e0000000,0x00000000e0c80000)
 ParOldGen       total 56320K, used 10141K [0x0000000083400000, 0x0000000086b00000, 0x00000000d6700000)
  object space 56320K, 18% used [0x0000000083400000,0x0000000083de7428,0x0000000086b00000)
 Metaspace       used 33692K, capacity 35342K, committed 35496K, reserved 1079296K
  class space    used 4363K, capacity 4693K, committed 4784K, reserved 1048576K
}
Event: 4.571 GC heap before
{Heap before GC invocations=10 (full 2):
 PSYoungGen      total 167936K, used 10056K [0x00000000d6700000, 0x00000000e3d00000, 0x0000000100000000)
  eden space 156672K, 0% used [0x00000000d6700000,0x00000000d6700000,0x00000000e0000000)
  from space 11264K, 89% used [0x00000000e0c80000,0x00000000e16521e0,0x00000000e1780000)
  to   space 12800K, 0% used [0x00000000e0000000,0x00000000e0000000,0x00000000e0c80000)
 ParOldGen       total 56320K, used 10141K [0x0000000083400000, 0x0000000086b00000, 0x00000000d6700000)
  object space 56320K, 18% used [0x0000000083400000,0x0000000083de7428,0x0000000086b00000)
 Metaspace       used 33692K, capacity 35342K, committed 35496K, reserved 1079296K
  class space    used 4363K, capacity 4693K, committed 4784K, reserved 1048576K
Event: 4.648 GC heap after
Heap after GC invocations=10 (full 2):
 PSYoungGen      total 167936K, used 0K [0x00000000d6700000, 0x00000000e3d00000, 0x0000000100000000)
  eden space 156672K, 0% used [0x00000000d6700000,0x00000000d6700000,0x00000000e0000000)
  from space 11264K, 0% used [0x00000000e0c80000,0x00000000e0c80000,0x00000000e1780000)
  to   space 12800K, 0% used [0x00000000e0000000,0x00000000e0000000,0x00000000e0c80000)
 ParOldGen       total 87552K, used 14118K [0x0000000083400000, 0x0000000088980000, 0x00000000d6700000)
  object space 87552K, 16% used [0x0000000083400000,0x00000000841c9a98,0x0000000088980000)
 Metaspace       used 33692K, capacity 35342K, committed 35496K, reserved 1079296K
  class space    used 4363K, capacity 4693K, committed 4784K, reserved 1048576K
}
Event: 7.445 GC heap before
{Heap before GC invocations=11 (full 2):
 PSYoungGen      total 167936K, used 156672K [0x00000000d6700000, 0x00000000e3d00000, 0x0000000100000000)
  eden space 156672K, 100% used [0x00000000d6700000,0x00000000e0000000,0x00000000e0000000)
  from space 11264K, 0% used [0x00000000e0c80000,0x00000000e0c80000,0x00000000e1780000)
  to   space 12800K, 0% used [0x00000000e0000000,0x00000000e0000000,0x00000000e0c80000)
 ParOldGen       total 87552K, used 14118K [0x0000000083400000, 0x0000000088980000, 0x00000000d6700000)
  object space 87552K, 16% used [0x0000000083400000,0x00000000841c9a98,0x0000000088980000)
 Metaspace       used 50186K, capacity 52080K, committed 52392K, reserved 1093632K
  class space    used 6864K, capacity 7224K, committed 7344K, reserved 1048576K
Event: 7.465 GC heap after
Heap after GC invocations=11 (full 2):
 PSYoungGen      total 169472K, used 12773K [0x00000000d6700000, 0x00000000e4880000, 0x0000000100000000)
  eden space 156672K, 0% used [0x00000000d6700000,0x00000000d6700000,0x00000000e0000000)
  from space 12800K, 99% used [0x00000000e0000000,0x00000000e0c794e8,0x00000000e0c80000)
  to   space 16896K, 0% used [0x00000000e3800000,0x00000000e3800000,0x00000000e4880000)
 ParOldGen       total 87552K, used 20516K [0x0000000083400000, 0x0000000088980000, 0x00000000d6700000)
  object space 87552K, 23% used [0x0000000083400000,0x00000000848090b0,0x0000000088980000)
 Metaspace       used 50186K, capacity 52080K, committed 52392K, reserved 1093632K
  class space    used 6864K, capacity 7224K, committed 7344K, reserved 1048576K
}
Event: 9.230 GC heap before
{Heap before GC invocations=12 (full 2):
 PSYoungGen      total 169472K, used 103838K [0x00000000d6700000, 0x00000000e4880000, 0x0000000100000000)
  eden space 156672K, 58% used [0x00000000d6700000,0x00000000dbfee3d8,0x00000000e0000000)
  from space 12800K, 99% used [0x00000000e0000000,0x00000000e0c794e8,0x00000000e0c80000)
  to   space 16896K, 0% used [0x00000000e3800000,0x00000000e3800000,0x00000000e4880000)
 ParOldGen       total 87552K, used 20516K [0x0000000083400000, 0x0000000088980000, 0x00000000d6700000)
  object space 87552K, 23% used [0x0000000083400000,0x00000000848090b0,0x0000000088980000)
 Metaspace       used 56433K, capacity 59130K, committed 59160K, reserved 1099776K
  class space    used 7742K, capacity 8216K, committed 8240K, reserved 1048576K
Event: 9.251 GC heap after
Heap after GC invocations=12 (full 2):
 PSYoungGen      total 211456K, used 14422K [0x00000000d6700000, 0x00000000e4900000, 0x0000000100000000)
  eden space 194560K, 0% used [0x00000000d6700000,0x00000000d6700000,0x00000000e2500000)
  from space 16896K, 85% used [0x00000000e3800000,0x00000000e46158f0,0x00000000e4880000)
  to   space 18432K, 0% used [0x00000000e2500000,0x00000000e2500000,0x00000000e3700000)
 ParOldGen       total 87552K, used 20524K [0x0000000083400000, 0x0000000088980000, 0x00000000d6700000)
  object space 87552K, 23% used [0x0000000083400000,0x000000008480b0b0,0x0000000088980000)
 Metaspace       used 56433K, capacity 59130K, committed 59160K, reserved 1099776K
  class space    used 7742K, capacity 8216K, committed 8240K, reserved 1048576K
}
Event: 9.251 GC heap before
{Heap before GC invocations=13 (full 3):
 PSYoungGen      total 211456K, used 14422K [0x00000000d6700000, 0x00000000e4900000, 0x0000000100000000)
  eden space 194560K, 0% used [0x00000000d6700000,0x00000000d6700000,0x00000000e2500000)
  from space 16896K, 85% used [0x00000000e3800000,0x00000000e46158f0,0x00000000e4880000)
  to   space 18432K, 0% used [0x00000000e2500000,0x00000000e2500000,0x00000000e3700000)
 ParOldGen       total 87552K, used 20524K [0x0000000083400000, 0x0000000088980000, 0x00000000d6700000)
  object space 87552K, 23% used [0x0000000083400000,0x000000008480b0b0,0x0000000088980000)
 Metaspace       used 56433K, capacity 59130K, committed 59160K, reserved 1099776K
  class space    used 7742K, capacity 8216K, committed 8240K, reserved 1048576K
Event: 9.467 GC heap after
Heap after GC invocations=13 (full 3):
 PSYoungGen      total 211456K, used 0K [0x00000000d6700000, 0x00000000e4900000, 0x0000000100000000)
  eden space 194560K, 0% used [0x00000000d6700000,0x00000000d6700000,0x00000000e2500000)
  from space 16896K, 0% used [0x00000000e3800000,0x00000000e3800000,0x00000000e4880000)
  to   space 18432K, 0% used [0x00000000e2500000,0x00000000e2500000,0x00000000e3700000)
 ParOldGen       total 128512K, used 24711K [0x0000000083400000, 0x000000008b180000, 0x00000000d6700000)
  object space 128512K, 19% used [0x0000000083400000,0x0000000084c21c70,0x000000008b180000)
 Metaspace       used 56433K, capacity 59130K, committed 59160K, reserved 1099776K
  class space    used 7742K, capacity 8216K, committed 8240K, reserved 1048576K
}

Deoptimization events (10 events):
Event: 44.414 Thread 0x000000001d319800 Uncommon trap: reason=bimorphic action=maybe_recompile pc=0x0000000003ac77f0 method=java.util.Hashtable.get(Ljava/lang/Object;)Ljava/lang/Object; @ 45
Event: 44.417 Thread 0x000000001d319800 Uncommon trap: reason=bimorphic action=maybe_recompile pc=0x0000000003ac77f0 method=java.util.Hashtable.get(Ljava/lang/Object;)Ljava/lang/Object; @ 45
Event: 44.422 Thread 0x000000001d319800 Uncommon trap: reason=bimorphic action=maybe_recompile pc=0x0000000003ac77f0 method=java.util.Hashtable.get(Ljava/lang/Object;)Ljava/lang/Object; @ 45
Event: 44.422 Thread 0x000000001d319800 Uncommon trap: reason=unstable_if action=reinterpret pc=0x0000000003112580 method=java.lang.CharacterData.of(I)Ljava/lang/CharacterData; @ 4
Event: 44.431 Thread 0x000000001d319800 Uncommon trap: reason=unstable_if action=reinterpret pc=0x0000000003d46168 method=java.util.regex.Pattern$BmpCharProperty.match(Ljava/util/regex/Matcher;ILjava/lang/CharSequence;)Z @ 34
Event: 44.591 Thread 0x000000001d319800 Uncommon trap: reason=bimorphic action=maybe_recompile pc=0x0000000003129b00 method=java.lang.StringCoding$StringDecoder.decode([BII)[C @ 48
Event: 44.591 Thread 0x000000001d319800 Uncommon trap: reason=bimorphic action=maybe_recompile pc=0x0000000003129b00 method=java.lang.StringCoding$StringDecoder.decode([BII)[C @ 48
Event: 44.591 Thread 0x000000001d319800 Uncommon trap: reason=bimorphic action=maybe_recompile pc=0x0000000003129b00 method=java.lang.StringCoding$StringDecoder.decode([BII)[C @ 48
Event: 44.591 Thread 0x000000001d319800 Uncommon trap: reason=bimorphic action=maybe_recompile pc=0x0000000003129b00 method=java.lang.StringCoding$StringDecoder.decode([BII)[C @ 48
Event: 62.376 Thread 0x000000001d31a800 Uncommon trap: reason=unstable_if action=reinterpret pc=0x0000000003288100 method=java.nio.Buffer.limit(I)Ljava/nio/Buffer; @ 33

Internal exceptions (10 events):
Event: 18.412 Thread 0x000000001c997000 Exception <a 'java/lang/ClassNotFoundException': org/springframework/boot/actuate/endpoint/jmx/DataEndpointMBean> (0x00000000d7a4ff68) thrown at [C:\re\workspace\8-2-build-windows-amd64-cygwin\jdk8u144\9417\hotspot\src\share\vm\classfile\systemDictionary.
Event: 18.412 Thread 0x000000001c997000 Exception <a 'java/lang/ClassNotFoundException': org/springframework/context/support/LiveBeansView> (0x00000000d7a504b0) thrown at [C:\re\workspace\8-2-build-windows-amd64-cygwin\jdk8u144\9417\hotspot\src\share\vm\classfile\systemDictionary.cpp, line 210]
Event: 18.413 Thread 0x000000001c997000 Exception <a 'java/lang/ClassNotFoundException': org/springframework/boot/actuate/endpoint/jmx/EndpointMBean> (0x00000000d7ad1978) thrown at [C:\re\workspace\8-2-build-windows-amd64-cygwin\jdk8u144\9417\hotspot\src\share\vm\classfile\systemDictionary.cpp,
Event: 18.413 Thread 0x000000001c997000 Exception <a 'java/lang/ClassNotFoundException': org/springframework/boot/actuate/endpoint/jmx/DataEndpointMBean> (0x00000000d7ad1ed8) thrown at [C:\re\workspace\8-2-build-windows-amd64-cygwin\jdk8u144\9417\hotspot\src\share\vm\classfile\systemDictionary.
Event: 18.413 Thread 0x000000001c997000 Exception <a 'java/lang/ClassNotFoundException': org/springframework/context/support/LiveBeansView> (0x00000000d7ad2420) thrown at [C:\re\workspace\8-2-build-windows-amd64-cygwin\jdk8u144\9417\hotspot\src\share\vm\classfile\systemDictionary.cpp, line 210]
Event: 18.413 Thread 0x000000001c997000 Exception <a 'java/lang/ClassNotFoundException': org/springframework/boot/actuate/endpoint/jmx/EndpointMBean> (0x00000000d7ad2750) thrown at [C:\re\workspace\8-2-build-windows-amd64-cygwin\jdk8u144\9417\hotspot\src\share\vm\classfile\systemDictionary.cpp,
Event: 18.413 Thread 0x000000001c997000 Exception <a 'java/lang/ClassNotFoundException': org/springframework/boot/actuate/endpoint/jmx/DataEndpointMBean> (0x00000000d7ad2c70) thrown at [C:\re\workspace\8-2-build-windows-amd64-cygwin\jdk8u144\9417\hotspot\src\share\vm\classfile\systemDictionary.
Event: 18.413 Thread 0x000000001c997000 Exception <a 'java/lang/ClassNotFoundException': org/springframework/context/support/LiveBeansView> (0x00000000d7ad3178) thrown at [C:\re\workspace\8-2-build-windows-amd64-cygwin\jdk8u144\9417\hotspot\src\share\vm\classfile\systemDictionary.cpp, line 210]
Event: 44.541 Thread 0x000000001d319800 Exception <a 'java/lang/NoSuchMethodError': java.lang.Object.lambda$mapIfAllPresent$6(Ljava/util/Optional;Ljava/util/function/BiFunction;Ljava/lang/Object;)Ljava/util/Optional;> (0x00000000d8a9a360) thrown at [C:\re\workspace\8-2-build-windows-amd64-cygwi
Event: 44.541 Thread 0x000000001d319800 Exception <a 'java/lang/NoSuchMethodError': java.lang.Object.lambda$null$5(Ljava/util/function/BiFunction;Ljava/lang/Object;Ljava/lang/Object;)Ljava/lang/Object;> (0x00000000d8a9ec80) thrown at [C:\re\workspace\8-2-build-windows-amd64-cygwin\jdk8u144\9417

Events (10 events):
Event: 122.417 Executing VM operation: RevokeBias done
Event: 244.029 Thread 0x0000000017a89800 flushing nmethod 0x0000000003319150
Event: 244.029 Thread 0x0000000017a89800 flushing nmethod 0x000000000331b7d0
Event: 257.139 Thread 0x0000000017a86800 flushing nmethod 0x0000000003413310
Event: 257.139 Thread 0x0000000017a86800 flushing nmethod 0x000000000346dc50
Event: 262.497 Thread 0x0000000017a89800 flushing nmethod 0x0000000003876850
Event: 265.167 Thread 0x0000000017a89800 flushing nmethod 0x0000000003a66f50
Event: 265.168 Thread 0x0000000017a89800 flushing nmethod 0x0000000003af5990
Event: 265.696 Thread 0x0000000017a89800 flushing nmethod 0x0000000003c91910
Event: 439.746 Thread 0x000000001c997000 Thread exited: 0x000000001c997000


Dynamic libraries:
0x00007ff642000000 - 0x00007ff642037000 	C:\Program Files\Java\jdk1.8.0_144\bin\javaw.exe
0x00007ffaec960000 - 0x00007ffaecb50000 	C:\WINDOWS\SYSTEM32\ntdll.dll
0x00007ffaec7b0000 - 0x00007ffaec862000 	C:\WINDOWS\System32\KERNEL32.DLL
0x00007ffae9f00000 - 0x00007ffaea1a3000 	C:\WINDOWS\System32\KERNELBASE.dll
0x00007ffaeb810000 - 0x00007ffaeb8b3000 	C:\WINDOWS\System32\ADVAPI32.dll
0x00007ffaebac0000 - 0x00007ffaebb5e000 	C:\WINDOWS\System32\msvcrt.dll
0x00007ffaeb770000 - 0x00007ffaeb807000 	C:\WINDOWS\System32\sechost.dll
0x00007ffaebcc0000 - 0x00007ffaebde0000 	C:\WINDOWS\System32\RPCRT4.dll
0x00007ffaec480000 - 0x00007ffaec613000 	C:\WINDOWS\System32\USER32.dll
0x00007ffae98f0000 - 0x00007ffae9911000 	C:\WINDOWS\System32\win32u.dll
0x00007ffaec700000 - 0x00007ffaec726000 	C:\WINDOWS\System32\GDI32.dll
0x00007ffae9a70000 - 0x00007ffae9c04000 	C:\WINDOWS\System32\gdi32full.dll
0x00007ffae9db0000 - 0x00007ffae9e4e000 	C:\WINDOWS\System32\msvcp_win.dll
0x00007ffae9c10000 - 0x00007ffae9d0a000 	C:\WINDOWS\System32\ucrtbase.dll
0x00007ffadbcf0000 - 0x00007ffadbf75000 	C:\WINDOWS\WinSxS\amd64_microsoft.windows.common-controls_6595b64144ccf1df_6.0.18362.356_none_e6c4af7d130f27cc\COMCTL32.dll
0x00007ffaeb100000 - 0x00007ffaeb436000 	C:\WINDOWS\System32\combase.dll
0x00007ffae9d10000 - 0x00007ffae9d90000 	C:\WINDOWS\System32\bcryptPrimitives.dll
0x00007ffaeb580000 - 0x00007ffaeb5ae000 	C:\WINDOWS\System32\IMM32.DLL
0x0000000054440000 - 0x0000000054512000 	C:\Program Files\Java\jdk1.8.0_144\jre\bin\msvcr100.dll
0x0000000053ba0000 - 0x000000005443d000 	C:\Program Files\Java\jdk1.8.0_144\jre\bin\server\jvm.dll
0x00007ffaebc30000 - 0x00007ffaebc38000 	C:\WINDOWS\System32\PSAPI.DLL
0x00007ffae7260000 - 0x00007ffae7284000 	C:\WINDOWS\SYSTEM32\WINMM.dll
0x00007ffad77b0000 - 0x00007ffad77b9000 	C:\WINDOWS\SYSTEM32\WSOCK32.dll
0x00007ffae1bf0000 - 0x00007ffae1bfa000 	C:\WINDOWS\SYSTEM32\VERSION.dll
0x00007ffaebbc0000 - 0x00007ffaebc2f000 	C:\WINDOWS\System32\WS2_32.dll
0x00007ffae7230000 - 0x00007ffae725d000 	C:\WINDOWS\SYSTEM32\WINMMBASE.dll
0x00007ffaea1b0000 - 0x00007ffaea1fa000 	C:\WINDOWS\System32\cfgmgr32.dll
0x0000000053b90000 - 0x0000000053b9f000 	C:\Program Files\Java\jdk1.8.0_144\jre\bin\verify.dll
0x0000000053b60000 - 0x0000000053b89000 	C:\Program Files\Java\jdk1.8.0_144\jre\bin\java.dll
0x0000000053b40000 - 0x0000000053b56000 	C:\Program Files\Java\jdk1.8.0_144\jre\bin\zip.dll
0x00007ffaeaa10000 - 0x00007ffaeb0f5000 	C:\WINDOWS\System32\SHELL32.dll
0x00007ffaeb8c0000 - 0x00007ffaeb969000 	C:\WINDOWS\System32\shcore.dll
0x00007ffaea200000 - 0x00007ffaea97e000 	C:\WINDOWS\System32\windows.storage.dll
0x00007ffae98d0000 - 0x00007ffae98ef000 	C:\WINDOWS\System32\profapi.dll
0x00007ffae9860000 - 0x00007ffae98aa000 	C:\WINDOWS\System32\powrprof.dll
0x00007ffae9830000 - 0x00007ffae9840000 	C:\WINDOWS\System32\UMPDC.dll
0x00007ffaebb60000 - 0x00007ffaebbb2000 	C:\WINDOWS\System32\shlwapi.dll
0x00007ffae9840000 - 0x00007ffae9851000 	C:\WINDOWS\System32\kernel.appcore.dll
0x00007ffae9d90000 - 0x00007ffae9da7000 	C:\WINDOWS\System32\cryptsp.dll
0x0000000053a40000 - 0x0000000053a4d000 	C:\Program Files\Java\jdk1.8.0_144\jre\bin\management.dll
0x0000000053a20000 - 0x0000000053a3a000 	C:\Program Files\Java\jdk1.8.0_144\jre\bin\net.dll
0x00007ffae9040000 - 0x00007ffae90a7000 	C:\WINDOWS\system32\mswsock.dll
0x00007ffad47a0000 - 0x00007ffad47b6000 	C:\WINDOWS\system32\napinsp.dll
0x00007ffad4600000 - 0x00007ffad461a000 	C:\WINDOWS\system32\pnrpnsp.dll
0x00007ffae8da0000 - 0x00007ffae8e6a000 	C:\WINDOWS\SYSTEM32\DNSAPI.dll
0x00007ffaec6f0000 - 0x00007ffaec6f8000 	C:\WINDOWS\System32\NSI.dll
0x00007ffae8d50000 - 0x00007ffae8d8a000 	C:\WINDOWS\SYSTEM32\IPHLPAPI.DLL
0x00007ffad55b0000 - 0x00007ffad55be000 	C:\WINDOWS\System32\winrnr.dll
0x00007ffae5d00000 - 0x00007ffae5d1c000 	C:\WINDOWS\system32\NLAapi.dll
0x00007ffad4780000 - 0x00007ffad4795000 	C:\WINDOWS\system32\wshbth.dll
0x00007ffadb310000 - 0x00007ffadb31a000 	C:\Windows\System32\rasadhlp.dll
0x00007ffae37a0000 - 0x00007ffae3817000 	C:\WINDOWS\System32\fwpuclnt.dll
0x00007ffaea980000 - 0x00007ffaea9a6000 	C:\WINDOWS\System32\bcrypt.dll
0x0000000053a00000 - 0x0000000053a11000 	C:\Program Files\Java\jdk1.8.0_144\jre\bin\nio.dll
0x00007ffae8bb0000 - 0x00007ffae8be3000 	C:\WINDOWS\system32\rsaenh.dll
0x00007ffae9750000 - 0x00007ffae9775000 	C:\WINDOWS\SYSTEM32\USERENV.dll
0x00007ffae9210000 - 0x00007ffae921c000 	C:\WINDOWS\SYSTEM32\CRYPTBASE.dll
0x00007ffae3de0000 - 0x00007ffae3df6000 	C:\WINDOWS\SYSTEM32\dhcpcsvc6.DLL
0x00007ffae4140000 - 0x00007ffae415c000 	C:\WINDOWS\SYSTEM32\dhcpcsvc.DLL

VM Arguments:
jvm_args: -Dfile.encoding=UTF-8 
java_command: com.naren.TicketBookingMysql.TicketBookingApplication
java_class_path (initial): D:\javaX\Hibernet\TicketBookingMysql\target\classes;C:\Users\dell\.m2\repository\org\springframework\boot\spring-boot-starter-data-jpa\2.1.9.RELEASE\spring-boot-starter-data-jpa-2.1.9.RELEASE.jar;C:\Users\dell\.m2\repository\org\springframework\boot\spring-boot-starter-aop\2.1.9.RELEASE\spring-boot-starter-aop-2.1.9.RELEASE.jar;C:\Users\dell\.m2\repository\org\springframework\spring-aop\5.1.10.RELEASE\spring-aop-5.1.10.RELEASE.jar;C:\Users\dell\.m2\repository\org\aspectj\aspectjweaver\1.9.4\aspectjweaver-1.9.4.jar;C:\Users\dell\.m2\repository\org\springframework\boot\spring-boot-starter-jdbc\2.1.9.RELEASE\spring-boot-starter-jdbc-2.1.9.RELEASE.jar;C:\Users\dell\.m2\repository\com\zaxxer\HikariCP\3.2.0\HikariCP-3.2.0.jar;C:\Users\dell\.m2\repository\org\springframework\spring-jdbc\5.1.10.RELEASE\spring-jdbc-5.1.10.RELEASE.jar;C:\Users\dell\.m2\repository\javax\transaction\javax.transaction-api\1.3\javax.transaction-api-1.3.jar;C:\Users\dell\.m2\repository\javax\xml\bind\jaxb-api\2.3.1\jaxb-api-2.3.1.jar;C:\Users\dell\.m2\repository\javax\activation\javax.activation-api\1.2.0\javax.activation-api-1.2.0.jar;C:\Users\dell\.m2\repository\org\hibernate\hibernate-core\5.3.12.Final\hibernate-core-5.3.12.Final.jar;C:\Users\dell\.m2\repository\org\jboss\logging\jboss-logging\3.3.3.Final\jboss-logging-3.3.3.Final.jar;C:\Users\dell\.m2\repository\javax\persistence\javax.persistence-api\2.2\javax.persistence-api-2.2.jar;C:\Users\dell\.m2\repository\org\javassist\javassist\3.23.2-GA\javassist-3.23.2-GA.jar;C:\Users\dell\.m2\repository\net\bytebuddy\byte-buddy\1.9.16\byte-buddy-1.9.16.jar;C:\Users\dell\.m2\repository\antlr\antlr\2.7.7\antlr-2.7.7.jar;C:\Users\dell\.m2\repository\org\jboss\jandex\2.0.5.Final\jandex-2.0.5.Final.jar;C:\Users\dell\.m2\repository\com\fasterxml\classmate\1.4.0\classmate-1.4.0.jar;C:\Users\dell\.m2\repository\org\dom4j\dom4j\2.1.1\dom4j-2.1.1.jar;C:\Users\dell\.m2\repository\org\hibernate\common\hibernate-commons-annotations\
Launcher Type: SUN_STANDARD

Environment Variables:
JAVA_HOME=C:\Program Files\Java\jdk1.8.0_144\
PATH=C:/Program Files/Java/jre1.8.0_144/bin/server;C:/Program Files/Java/jre1.8.0_144/bin;C:/Program Files/Java/jre1.8.0_144/lib/amd64;C:\ProgramData\Oracle\Java\javapath;C:\WINDOWS\system32;C:\WINDOWS;C:\WINDOWS\System32\Wbem;C:\WINDOWS\System32\WindowsPowerShell\v1.0\;C:\WINDOWS\System32\OpenSSH\;C:\Program Files\Intel\WiFi\bin\;C:\Program Files\Common Files\Intel\WirelessCommon\;C:\Program Files\MySQL\MySQL Utilities 1.6\;C:\Program Files\Java\jdk1.8.0_144\bin;C:\Users\dell\Downloads\apache-maven-3.6.1-bin\apache-maven-3.6.1\bin;C:\Program Files\Git\cmd;C:\Program Files\MySQL\MySQL Shell 8.0\bin\;C:\Program Files\Java\jdk1.8.0_144\bin;C:\Users\dell\Downloads\apache-maven-3.6.1-bin\apache-maven-3.6.1\bin;;C:\Users\dell\Documents\eclipse-jee-2019-06-R-win32-x86_64\eclipse;
USERNAME=dell
OS=Windows_NT
PROCESSOR_IDENTIFIER=Intel64 Family 6 Model 142 Stepping 9, GenuineIntel



---------------  S Y S T E M  ---------------

OS: Windows 10.0 , 64 bit Build 18362 (10.0.18362.329)

CPU:total 4 (initial active 4) (2 cores per cpu, 2 threads per core) family 6 model 142 stepping 9, cmov, cx8, fxsr, mmx, sse, sse2, sse3, ssse3, sse4.1, sse4.2, popcnt, avx, avx2, aes, clmul, erms, 3dnowpref, lzcnt, ht, tsc, tscinvbit, bmi1, bmi2, adx

Memory: 4k page, physical 8167788k(1468240k free), swap 10106220k(4432k free)

vm_info: Java HotSpot(TM) 64-Bit Server VM (25.144-b01) for windows-amd64 JRE (1.8.0_144-b01), built on Jul 21 2017 21:57:33 by "java_re" with MS VC++ 10.0 (VS2010)

time: Sun Oct 13 17:09:05 2019
elapsed time: 458 seconds (0d 0h 7m 38s)

