#
# A fatal error has been detected by the Java Runtime Environment:
#
#  EXCEPTION_STACK_OVERFLOW (0xc00000fd) at pc=0x0000000053da3ed7, pid=1896, tid=0x00000000000034b0
#
# JRE version: Java(TM) SE Runtime Environment (8.0_144-b01) (build 1.8.0_144-b01)
# Java VM: Java HotSpot(TM) 64-Bit Server VM (25.144-b01 mixed mode windows-amd64 compressed oops)
# Problematic frame:
# V  [jvm.dll+0x213ed7]
#
# Failed to write core dump. Minidumps are not enabled by default on client versions of Windows
#
# If you would like to submit a bug report, please visit:
#   http://bugreport.java.com/bugreport/crash.jsp
#

---------------  T H R E A D  ---------------

Current thread (0x000000001c0b9800):  JavaThread "HikariPool-1 connection closer" daemon [_thread_in_vm, id=13488, stack(0x00000000200f0000,0x00000000201f0000)]

siginfo: ExceptionCode=0xc00000fd, ExceptionInformation=0x0000000000000001 0x00000000201eb940 

Registers:
RAX=0x00000000201eb940, RBX=0x0000000000000005, RCX=0x0000000000004000, RDX=0x0000000000000006
RSP=0x00000000201ef940, RBP=0x0000000000000000, RSI=0x00000000201ef940, RDI=0x0000000000000005
R8 =0x0000000000000006, R9 =0x000000001e849790, R10=0x00000000171fd4c0, R11=0x00000000200fa148
R12=0x000000001e849790, R13=0x000000001c0b9800, R14=0x00000000201efa08, R15=0x00000000171fd4c0
RIP=0x0000000053da3ed7, EFLAGS=0x0000000000010202

Top of Stack: (sp=0x00000000201ef940)
0x00000000201ef940:   0000da33a22f1cab 0000000054484e7e
0x00000000201ef950:   000000001c0b9800 000000001e849790
0x00000000201ef960:   00000000ffffffff 0000000053da4e07
0x00000000201ef970:   00000000201efa70 00000000171fd4c0
0x00000000201ef980:   000000001c0b9800 0000000053c50a63
0x00000000201ef990:   00000000201ef9d0 000000001c0b9800
0x00000000201ef9a0:   00000000201efa60 000000001c0b9800
0x00000000201ef9b0:   00000000171fd4c0 000000001c0b9800
0x00000000201ef9c0:   0000000003143200 000000001c0b9800
0x00000000201ef9d0:   00000000171fd4c0 000000001c0b9800
0x00000000201ef9e0:   00000000171fd4c0 000000001c0b9800
0x00000000201ef9f0:   0000000000000001 00000000171fd4c0
0x00000000201efa00:   000000001c0b9800 000000001e7e1340
0x00000000201efa10:   000000001c0b9800 0000000053c5210d
0x00000000201efa20:   00000000201efd28 00000001000069a0
0x00000000201efa30:   00000001000069a0 0000000000000000 

Instructions: (pc=0x0000000053da3ed7)
0x0000000053da3eb7:   48 89 6c 24 30 33 ed 66 90 e8 8b 3b 08 00 ff c3
0x0000000053da3ec7:   48 63 c8 48 8b c6 48 0f af cf 48 ff c7 48 2b c1
0x0000000053da3ed7:   89 28 48 63 c3 48 3b 05 f5 37 59 00 7e db 48 8b
0x0000000053da3ee7:   6c 24 30 48 8b 5c 24 38 48 8b 74 24 40 48 83 c4 


Register to memory mapping:

RAX=0x00000000201eb940 is pointing into the stack for thread: 0x000000001c0b9800
RBX=0x0000000000000005 is an unknown value
RCX=0x0000000000004000 is an unknown value
RDX=0x0000000000000006 is an unknown value
RSP=0x00000000201ef940 is pointing into the stack for thread: 0x000000001c0b9800
RBP=0x0000000000000000 is an unknown value
RSI=0x00000000201ef940 is pointing into the stack for thread: 0x000000001c0b9800
RDI=0x0000000000000005 is an unknown value
R8 =0x0000000000000006 is an unknown value
R9 =0x000000001e849790 is an unknown value
R10={method} {0x00000000171fd4c8} 'run' '()V' in 'java/lang/Thread'
R11=0x00000000200fa148 is pointing into the stack for thread: 0x000000001c0b9800
R12=0x000000001e849790 is an unknown value
R13=0x000000001c0b9800 is a thread
R14=0x00000000201efa08 is pointing into the stack for thread: 0x000000001c0b9800
R15={method} {0x00000000171fd4c8} 'run' '()V' in 'java/lang/Thread'


Stack: [0x00000000200f0000,0x00000000201f0000],  sp=0x00000000201ef940,  free space=1022k
Native frames: (J=compiled Java code, j=interpreted, Vv=VM code, C=native code)


---------------  P R O C E S S  ---------------

Java Threads: ( => current thread )
=>0x000000001c0b9800 JavaThread "HikariPool-1 connection closer" daemon [_thread_in_vm, id=13488, stack(0x00000000200f0000,0x00000000201f0000)]
  0x000000001c0b8000 JavaThread "HikariPool-1 connection adder" daemon [_thread_blocked, id=3824, stack(0x000000001e020000,0x000000001e120000)]
  0x000000001c0bb000 JavaThread "HikariPool-1 housekeeper" daemon [_thread_blocked, id=9600, stack(0x000000001df20000,0x000000001e020000)]
  0x000000001c0ba800 JavaThread "container-0" [_thread_blocked, id=5412, stack(0x000000001db20000,0x000000001dc20000)]
  0x000000001c0b7800 JavaThread "Catalina-utility-2" [_thread_blocked, id=9104, stack(0x000000001d920000,0x000000001da20000)]
  0x000000001c0b6800 JavaThread "Catalina-utility-1" [_thread_blocked, id=8416, stack(0x000000001cc20000,0x000000001cd20000)]
  0x000000001c0b5000 JavaThread "mysql-cj-abandoned-connection-cleanup" daemon [_thread_blocked, id=12940, stack(0x000000001b350000,0x000000001b450000)]
  0x000000001a141800 JavaThread "restartedMain" [_thread_blocked, id=15328, stack(0x000000001b250000,0x000000001b350000)]
  0x000000001a13c800 JavaThread "Thread-3" [_thread_blocked, id=11068, stack(0x000000001b150000,0x000000001b250000)]
  0x000000001a0ba800 JavaThread "JMX server connection timeout 18" daemon [_thread_blocked, id=15740, stack(0x000000001ae50000,0x000000001af50000)]
  0x000000001a0d8000 JavaThread "RMI TCP Connection(2)-127.0.0.1" daemon [_thread_in_native, id=3676, stack(0x000000001aa10000,0x000000001ab10000)]
  0x000000001a0ab800 JavaThread "JMX server connection timeout 16" daemon [_thread_blocked, id=3428, stack(0x000000001ad50000,0x000000001ae50000)]
  0x000000001a0aa800 JavaThread "RMI Scheduler(0)" daemon [_thread_blocked, id=1708, stack(0x000000001ac50000,0x000000001ad50000)]
  0x000000001a08c000 JavaThread "RMI TCP Connection(1)-127.0.0.1" daemon [_thread_in_native, id=16068, stack(0x000000001a910000,0x000000001aa10000)]
  0x0000000019f54800 JavaThread "RMI TCP Accept-0" daemon [_thread_in_native, id=13652, stack(0x000000001a710000,0x000000001a810000)]
  0x0000000019f4e000 JavaThread "RMI TCP Accept-63872" daemon [_thread_in_native, id=14860, stack(0x000000001a610000,0x000000001a710000)]
  0x0000000019f44000 JavaThread "RMI TCP Accept-0" daemon [_thread_in_native, id=1596, stack(0x000000001a510000,0x000000001a610000)]
  0x00000000192d9800 JavaThread "Service Thread" daemon [_thread_blocked, id=5572, stack(0x00000000198d0000,0x00000000199d0000)]
  0x00000000192d3000 JavaThread "C1 CompilerThread2" daemon [_thread_blocked, id=5024, stack(0x00000000197d0000,0x00000000198d0000)]
  0x00000000192d0800 JavaThread "C2 CompilerThread1" daemon [_thread_blocked, id=8540, stack(0x00000000196d0000,0x00000000197d0000)]
  0x0000000017b73800 JavaThread "C2 CompilerThread0" daemon [_thread_blocked, id=900, stack(0x00000000191d0000,0x00000000192d0000)]
  0x0000000017b72000 JavaThread "Attach Listener" daemon [_thread_blocked, id=2600, stack(0x00000000190d0000,0x00000000191d0000)]
  0x0000000017b71000 JavaThread "Signal Dispatcher" daemon [_thread_blocked, id=5900, stack(0x0000000018fd0000,0x00000000190d0000)]
  0x000000000312e000 JavaThread "Finalizer" daemon [_thread_blocked, id=7416, stack(0x0000000018dd0000,0x0000000018ed0000)]
  0x0000000003125000 JavaThread "Reference Handler" daemon [_thread_blocked, id=14832, stack(0x0000000018cd0000,0x0000000018dd0000)]
  0x0000000003034800 JavaThread "main" [_thread_blocked, id=2140, stack(0x0000000002f30000,0x0000000003030000)]

Other Threads:
  0x0000000017b37000 VMThread [stack: 0x0000000018bd0000,0x0000000018cd0000] [id=5440]
  0x0000000019f56800 WatcherThread [stack: 0x000000001a810000,0x000000001a910000] [id=13992]

VM state:synchronizing (normal execution)

VM Mutex/Monitor currently owned by a thread:  ([mutex/lock_event])
[0x0000000003032150] Threads_lock - owner thread: 0x0000000017b37000

Heap:
 PSYoungGen      total 270848K, used 20077K [0x00000000d6700000, 0x00000000e9200000, 0x0000000100000000)
  eden space 255488K, 7% used [0x00000000d6700000,0x00000000d7a9b6a8,0x00000000e6080000)
  from space 15360K, 0% used [0x00000000e8300000,0x00000000e8300000,0x00000000e9200000)
  to   space 17408K, 0% used [0x00000000e7000000,0x00000000e7000000,0x00000000e8100000)
 ParOldGen       total 53248K, used 30662K [0x0000000083400000, 0x0000000086800000, 0x00000000d6700000)
  object space 53248K, 57% used [0x0000000083400000,0x00000000851f1908,0x0000000086800000)
 Metaspace       used 47227K, capacity 49323K, committed 49664K, reserved 1097728K
  class space    used 6689K, capacity 7113K, committed 7168K, reserved 1048576K

Card table byte_map: [0x00000000124f0000,0x00000000128e0000] byte_map_base: 0x00000000120d6000

Marking Bits: (ParMarkBitMap*) 0x00000000543ad850
 Begin Bits: [0x0000000012f80000, 0x0000000014eb0000)
 End Bits:   [0x0000000014eb0000, 0x0000000016de0000)

Polling page: 0x0000000001260000

CodeCache: size=245760Kb used=8144Kb max_used=8144Kb free=237615Kb
 bounds [0x0000000003130000, 0x0000000003930000, 0x0000000012130000]
 total_blobs=4499 nmethods=3970 adapters=440
 compilation: enabled

Compilation events (10 events):
Event: 12.776 Thread 0x00000000192d3000 3991       1       java.lang.invoke.DelegatingMethodHandle::chooseDelegatingForm (24 bytes)
Event: 12.776 Thread 0x00000000192d3000 nmethod 3991 0x0000000003923850 code [0x00000000039239c0, 0x0000000003923b48]
Event: 12.789 Thread 0x00000000192d3000 3992       1       java.util.concurrent.ConcurrentHashMap$MapEntry::getValue (5 bytes)
Event: 12.789 Thread 0x00000000192d3000 nmethod 3992 0x0000000003923c10 code [0x0000000003923d60, 0x0000000003923e70]
Event: 12.792 Thread 0x00000000192d3000 3993   !   1       java.util.concurrent.ConcurrentHashMap::clear (176 bytes)
Event: 12.793 Thread 0x00000000192d3000 nmethod 3993 0x0000000003923ed0 code [0x0000000003924080, 0x0000000003924658]
Event: 12.794 Thread 0x00000000192d3000 3994       1       java.lang.invoke.LambdaFormEditor$Transform::equals (32 bytes)
Event: 12.794 Thread 0x00000000192d3000 nmethod 3994 0x0000000003924b10 code [0x0000000003924c60, 0x0000000003924dc8]
Event: 12.794 Thread 0x00000000192d3000 3995       1       java.util.LinkedHashMap::afterNodeRemoval (65 bytes)
Event: 12.795 Thread 0x00000000192d3000 nmethod 3995 0x0000000003924e50 code [0x0000000003924fa0, 0x00000000039251b0]

GC Heap History (10 events):
Event: 9.647 GC heap before
{Heap before GC invocations=9 (full 1):
 PSYoungGen      total 135168K, used 135141K [0x00000000d6700000, 0x00000000e3f80000, 0x0000000100000000)
  eden space 124928K, 100% used [0x00000000d6700000,0x00000000de100000,0x00000000de100000)
  from space 10240K, 99% used [0x00000000de100000,0x00000000deaf9770,0x00000000deb00000)
  to   space 12800K, 0% used [0x00000000e3300000,0x00000000e3300000,0x00000000e3f80000)
 ParOldGen       total 53248K, used 10801K [0x0000000083400000, 0x0000000086800000, 0x00000000d6700000)
  object space 53248K, 20% used [0x0000000083400000,0x0000000083e8c478,0x0000000086800000)
 Metaspace       used 31404K, capacity 33204K, committed 33408K, reserved 1077248K
  class space    used 4292K, capacity 4620K, committed 4736K, reserved 1048576K
Event: 9.671 GC heap after
Heap after GC invocations=9 (full 1):
 PSYoungGen      total 206848K, used 12770K [0x00000000d6700000, 0x00000000e5100000, 0x0000000100000000)
  eden space 194048K, 0% used [0x00000000d6700000,0x00000000d6700000,0x00000000e2480000)
  from space 12800K, 99% used [0x00000000e3300000,0x00000000e3f78968,0x00000000e3f80000)
  to   space 14848K, 0% used [0x00000000e2480000,0x00000000e2480000,0x00000000e3300000)
 ParOldGen       total 53248K, used 11068K [0x0000000083400000, 0x0000000086800000, 0x00000000d6700000)
  object space 53248K, 20% used [0x0000000083400000,0x0000000083ecf1b0,0x0000000086800000)
 Metaspace       used 31404K, capacity 33204K, committed 33408K, reserved 1077248K
  class space    used 4292K, capacity 4620K, committed 4736K, reserved 1048576K
}
Event: 10.349 GC heap before
{Heap before GC invocations=10 (full 1):
 PSYoungGen      total 206848K, used 57308K [0x00000000d6700000, 0x00000000e5100000, 0x0000000100000000)
  eden space 194048K, 22% used [0x00000000d6700000,0x00000000d927e6c0,0x00000000e2480000)
  from space 12800K, 99% used [0x00000000e3300000,0x00000000e3f78968,0x00000000e3f80000)
  to   space 14848K, 0% used [0x00000000e2480000,0x00000000e2480000,0x00000000e3300000)
 ParOldGen       total 53248K, used 11068K [0x0000000083400000, 0x0000000086800000, 0x00000000d6700000)
  object space 53248K, 20% used [0x0000000083400000,0x0000000083ecf1b0,0x0000000086800000)
 Metaspace       used 33510K, capacity 35436K, committed 35456K, reserved 1079296K
  class space    used 4594K, capacity 4976K, committed 4992K, reserved 1048576K
Event: 10.372 GC heap after
Heap after GC invocations=10 (full 1):
 PSYoungGen      total 208896K, used 10500K [0x00000000d6700000, 0x00000000e9200000, 0x0000000100000000)
  eden space 194048K, 0% used [0x00000000d6700000,0x00000000d6700000,0x00000000e2480000)
  from space 14848K, 70% used [0x00000000e2480000,0x00000000e2ec11a8,0x00000000e3300000)
  to   space 15360K, 0% used [0x00000000e8300000,0x00000000e8300000,0x00000000e9200000)
 ParOldGen       total 53248K, used 13148K [0x0000000083400000, 0x0000000086800000, 0x00000000d6700000)
  object space 53248K, 24% used [0x0000000083400000,0x00000000840d7258,0x0000000086800000)
 Metaspace       used 33510K, capacity 35436K, committed 35456K, reserved 1079296K
  class space    used 4594K, capacity 4976K, committed 4992K, reserved 1048576K
}
Event: 10.372 GC heap before
{Heap before GC invocations=11 (full 2):
 PSYoungGen      total 208896K, used 10500K [0x00000000d6700000, 0x00000000e9200000, 0x0000000100000000)
  eden space 194048K, 0% used [0x00000000d6700000,0x00000000d6700000,0x00000000e2480000)
  from space 14848K, 70% used [0x00000000e2480000,0x00000000e2ec11a8,0x00000000e3300000)
  to   space 15360K, 0% used [0x00000000e8300000,0x00000000e8300000,0x00000000e9200000)
 ParOldGen       total 53248K, used 13148K [0x0000000083400000, 0x0000000086800000, 0x00000000d6700000)
  object space 53248K, 24% used [0x0000000083400000,0x00000000840d7258,0x0000000086800000)
 Metaspace       used 33510K, capacity 35436K, committed 35456K, reserved 1079296K
  class space    used 4594K, capacity 4976K, committed 4992K, reserved 1048576K
Event: 10.535 GC heap after
Heap after GC invocations=11 (full 2):
 PSYoungGen      total 208896K, used 0K [0x00000000d6700000, 0x00000000e9200000, 0x0000000100000000)
  eden space 194048K, 0% used [0x00000000d6700000,0x00000000d6700000,0x00000000e2480000)
  from space 14848K, 0% used [0x00000000e2480000,0x00000000e2480000,0x00000000e3300000)
  to   space 15360K, 0% used [0x00000000e8300000,0x00000000e8300000,0x00000000e9200000)
 ParOldGen       total 53248K, used 17402K [0x0000000083400000, 0x0000000086800000, 0x00000000d6700000)
  object space 53248K, 32% used [0x0000000083400000,0x00000000844fea30,0x0000000086800000)
 Metaspace       used 33510K, capacity 35436K, committed 35456K, reserved 1079296K
  class space    used 4594K, capacity 4976K, committed 4992K, reserved 1048576K
}
Event: 12.193 GC heap before
{Heap before GC invocations=12 (full 2):
 PSYoungGen      total 208896K, used 110014K [0x00000000d6700000, 0x00000000e9200000, 0x0000000100000000)
  eden space 194048K, 56% used [0x00000000d6700000,0x00000000dd26f888,0x00000000e2480000)
  from space 14848K, 0% used [0x00000000e2480000,0x00000000e2480000,0x00000000e3300000)
  to   space 15360K, 0% used [0x00000000e8300000,0x00000000e8300000,0x00000000e9200000)
 ParOldGen       total 53248K, used 17402K [0x0000000083400000, 0x0000000086800000, 0x00000000d6700000)
  object space 53248K, 32% used [0x0000000083400000,0x00000000844fea30,0x0000000086800000)
 Metaspace       used 46402K, capacity 48467K, committed 48768K, reserved 1097728K
  class space    used 6569K, capacity 6962K, committed 7040K, reserved 1048576K
Event: 12.215 GC heap after
Heap after GC invocations=12 (full 2):
 PSYoungGen      total 270848K, used 15356K [0x00000000d6700000, 0x00000000e9200000, 0x0000000100000000)
  eden space 255488K, 0% used [0x00000000d6700000,0x00000000d6700000,0x00000000e6080000)
  from space 15360K, 99% used [0x00000000e8300000,0x00000000e91ff398,0x00000000e9200000)
  to   space 17408K, 0% used [0x00000000e7000000,0x00000000e7000000,0x00000000e8100000)
 ParOldGen       total 53248K, used 17520K [0x0000000083400000, 0x0000000086800000, 0x00000000d6700000)
  object space 53248K, 32% used [0x0000000083400000,0x000000008451c060,0x0000000086800000)
 Metaspace       used 46402K, capacity 48467K, committed 48768K, reserved 1097728K
  class space    used 6569K, capacity 6962K, committed 7040K, reserved 1048576K
}
Event: 12.216 GC heap before
{Heap before GC invocations=13 (full 3):
 PSYoungGen      total 270848K, used 15356K [0x00000000d6700000, 0x00000000e9200000, 0x0000000100000000)
  eden space 255488K, 0% used [0x00000000d6700000,0x00000000d6700000,0x00000000e6080000)
  from space 15360K, 99% used [0x00000000e8300000,0x00000000e91ff398,0x00000000e9200000)
  to   space 17408K, 0% used [0x00000000e7000000,0x00000000e7000000,0x00000000e8100000)
 ParOldGen       total 53248K, used 17520K [0x0000000083400000, 0x0000000086800000, 0x00000000d6700000)
  object space 53248K, 32% used [0x0000000083400000,0x000000008451c060,0x0000000086800000)
 Metaspace       used 46402K, capacity 48467K, committed 48768K, reserved 1097728K
  class space    used 6569K, capacity 6962K, committed 7040K, reserved 1048576K
Event: 12.556 GC heap after
Heap after GC invocations=13 (full 3):
 PSYoungGen      total 270848K, used 0K [0x00000000d6700000, 0x00000000e9200000, 0x0000000100000000)
  eden space 255488K, 0% used [0x00000000d6700000,0x00000000d6700000,0x00000000e6080000)
  from space 15360K, 0% used [0x00000000e8300000,0x00000000e8300000,0x00000000e9200000)
  to   space 17408K, 0% used [0x00000000e7000000,0x00000000e7000000,0x00000000e8100000)
 ParOldGen       total 53248K, used 30662K [0x0000000083400000, 0x0000000086800000, 0x00000000d6700000)
  object space 53248K, 57% used [0x0000000083400000,0x00000000851f1908,0x0000000086800000)
 Metaspace       used 46402K, capacity 48467K, committed 48768K, reserved 1095680K
  class space    used 6569K, capacity 6962K, committed 7040K, reserved 1048576K
}

Deoptimization events (0 events):
No events

Internal exceptions (10 events):
Event: 12.769 Thread 0x000000001a141800 Exception <a 'java/lang/ArrayIndexOutOfBoundsException'> (0x00000000d76de3e0) thrown at [C:\re\workspace\8-2-build-windows-amd64-cygwin\jdk8u144\9417\hotspot\src\share\vm\runtime\sharedRuntime.cpp, line 605]
Event: 12.769 Thread 0x000000001a141800 Exception <a 'java/lang/ArrayIndexOutOfBoundsException'> (0x00000000d76dfcf0) thrown at [C:\re\workspace\8-2-build-windows-amd64-cygwin\jdk8u144\9417\hotspot\src\share\vm\runtime\sharedRuntime.cpp, line 605]
Event: 12.769 Thread 0x000000001a141800 Exception <a 'java/lang/ArrayIndexOutOfBoundsException'> (0x00000000d76e1278) thrown at [C:\re\workspace\8-2-build-windows-amd64-cygwin\jdk8u144\9417\hotspot\src\share\vm\runtime\sharedRuntime.cpp, line 605]
Event: 12.769 Thread 0x000000001a141800 Exception <a 'java/lang/ArrayIndexOutOfBoundsException'> (0x00000000d76e23a0) thrown at [C:\re\workspace\8-2-build-windows-amd64-cygwin\jdk8u144\9417\hotspot\src\share\vm\runtime\sharedRuntime.cpp, line 605]
Event: 12.769 Thread 0x000000001a141800 Exception <a 'java/lang/ArrayIndexOutOfBoundsException'> (0x00000000d76e4618) thrown at [C:\re\workspace\8-2-build-windows-amd64-cygwin\jdk8u144\9417\hotspot\src\share\vm\runtime\sharedRuntime.cpp, line 605]
Event: 12.788 Thread 0x000000001a141800 Exception <a 'java/lang/OutOfMemoryError'> (0x00000000d77f4558) thrown at [C:\re\workspace\8-2-build-windows-amd64-cygwin\jdk8u144\9417\hotspot\src\share\vm\prims\jni.cpp, line 735]
Event: 12.788 Thread 0x000000001a141800 Exception <a 'java/lang/OutOfMemoryError'> (0x00000000d77f4558) thrown at [C:\re\workspace\8-2-build-windows-amd64-cygwin\jdk8u144\9417\hotspot\src\share\vm\prims\jvm.cpp, line 1394]
Event: 12.788 Thread 0x000000001a141800 Exception <a 'java/lang/OutOfMemoryError'> (0x00000000d77f4558) thrown at [C:\re\workspace\8-2-build-windows-amd64-cygwin\jdk8u144\9417\hotspot\src\share\vm\prims\jvm.cpp, line 1394]
Event: 12.788 Thread 0x000000001a141800 Exception <a 'java/lang/OutOfMemoryError'> (0x00000000d77f4558) thrown at [C:\re\workspace\8-2-build-windows-amd64-cygwin\jdk8u144\9417\hotspot\src\share\vm\prims\jvm.cpp, line 1394]
Event: 12.789 Thread 0x000000001a141800 Exception <a 'java/lang/reflect/InvocationTargetException'> (0x00000000d77f4d18) thrown at [C:\re\workspace\8-2-build-windows-amd64-cygwin\jdk8u144\9417\hotspot\src\share\vm\runtime\reflection.cpp, line 1092]

Events (10 events):
Event: 12.795 loading class com/zaxxer/hikari/pool/PoolEntry
Event: 12.795 loading class com/zaxxer/hikari/pool/PoolEntry done
Event: 12.795 loading class com/zaxxer/hikari/pool/PoolEntry
Event: 12.795 loading class com/zaxxer/hikari/pool/PoolEntry done
Event: 12.795 loading class com/zaxxer/hikari/pool/HikariPool
Event: 12.795 loading class com/zaxxer/hikari/pool/HikariPool done
Event: 12.795 loading class com/zaxxer/hikari/pool/HikariPool
Event: 12.795 loading class com/zaxxer/hikari/pool/HikariPool done
Event: 12.795 Thread 0x000000001c0b9800 Thread added: 0x000000001c0b9800
Event: 12.795 Executing VM operation: RevokeBias


Dynamic libraries:
0x00007ff642000000 - 0x00007ff642037000 	C:\Program Files\Java\jdk1.8.0_144\bin\javaw.exe
0x00007ffaec960000 - 0x00007ffaecb50000 	C:\WINDOWS\SYSTEM32\ntdll.dll
0x00007ffaec7b0000 - 0x00007ffaec862000 	C:\WINDOWS\System32\KERNEL32.DLL
0x00007ffae9f00000 - 0x00007ffaea1a3000 	C:\WINDOWS\System32\KERNELBASE.dll
0x00007ffaeb810000 - 0x00007ffaeb8b3000 	C:\WINDOWS\System32\ADVAPI32.dll
0x00007ffaebac0000 - 0x00007ffaebb5e000 	C:\WINDOWS\System32\msvcrt.dll
0x00007ffaeb770000 - 0x00007ffaeb807000 	C:\WINDOWS\System32\sechost.dll
0x00007ffaebcc0000 - 0x00007ffaebde0000 	C:\WINDOWS\System32\RPCRT4.dll
0x00007ffaec480000 - 0x00007ffaec613000 	C:\WINDOWS\System32\USER32.dll
0x00007ffae98f0000 - 0x00007ffae9911000 	C:\WINDOWS\System32\win32u.dll
0x00007ffaec700000 - 0x00007ffaec726000 	C:\WINDOWS\System32\GDI32.dll
0x00007ffae9a70000 - 0x00007ffae9c04000 	C:\WINDOWS\System32\gdi32full.dll
0x00007ffae9db0000 - 0x00007ffae9e4e000 	C:\WINDOWS\System32\msvcp_win.dll
0x00007ffae9c10000 - 0x00007ffae9d0a000 	C:\WINDOWS\System32\ucrtbase.dll
0x00007ffadbcf0000 - 0x00007ffadbf75000 	C:\WINDOWS\WinSxS\amd64_microsoft.windows.common-controls_6595b64144ccf1df_6.0.18362.356_none_e6c4af7d130f27cc\COMCTL32.dll
0x00007ffaeb100000 - 0x00007ffaeb436000 	C:\WINDOWS\System32\combase.dll
0x00007ffae9d10000 - 0x00007ffae9d90000 	C:\WINDOWS\System32\bcryptPrimitives.dll
0x00007ffaeb580000 - 0x00007ffaeb5ae000 	C:\WINDOWS\System32\IMM32.DLL
0x0000000054430000 - 0x0000000054502000 	C:\Program Files\Java\jdk1.8.0_144\jre\bin\msvcr100.dll
0x0000000053b90000 - 0x000000005442d000 	C:\Program Files\Java\jdk1.8.0_144\jre\bin\server\jvm.dll
0x00007ffaebc30000 - 0x00007ffaebc38000 	C:\WINDOWS\System32\PSAPI.DLL
0x00007ffad77b0000 - 0x00007ffad77b9000 	C:\WINDOWS\SYSTEM32\WSOCK32.dll
0x00007ffaebbc0000 - 0x00007ffaebc2f000 	C:\WINDOWS\System32\WS2_32.dll
0x00007ffae7260000 - 0x00007ffae7284000 	C:\WINDOWS\SYSTEM32\WINMM.dll
0x00007ffae1bf0000 - 0x00007ffae1bfa000 	C:\WINDOWS\SYSTEM32\VERSION.dll
0x00007ffae7230000 - 0x00007ffae725d000 	C:\WINDOWS\SYSTEM32\WINMMBASE.dll
0x00007ffaea1b0000 - 0x00007ffaea1fa000 	C:\WINDOWS\System32\cfgmgr32.dll
0x0000000053b80000 - 0x0000000053b8f000 	C:\Program Files\Java\jdk1.8.0_144\jre\bin\verify.dll
0x0000000053b50000 - 0x0000000053b79000 	C:\Program Files\Java\jdk1.8.0_144\jre\bin\java.dll
0x0000000053b30000 - 0x0000000053b46000 	C:\Program Files\Java\jdk1.8.0_144\jre\bin\zip.dll
0x00007ffaeaa10000 - 0x00007ffaeb0f5000 	C:\WINDOWS\System32\SHELL32.dll
0x00007ffaeb8c0000 - 0x00007ffaeb969000 	C:\WINDOWS\System32\shcore.dll
0x00007ffaea200000 - 0x00007ffaea97e000 	C:\WINDOWS\System32\windows.storage.dll
0x00007ffae98d0000 - 0x00007ffae98ef000 	C:\WINDOWS\System32\profapi.dll
0x00007ffae9860000 - 0x00007ffae98aa000 	C:\WINDOWS\System32\powrprof.dll
0x00007ffae9830000 - 0x00007ffae9840000 	C:\WINDOWS\System32\UMPDC.dll
0x00007ffaebb60000 - 0x00007ffaebbb2000 	C:\WINDOWS\System32\shlwapi.dll
0x00007ffae9840000 - 0x00007ffae9851000 	C:\WINDOWS\System32\kernel.appcore.dll
0x00007ffae9d90000 - 0x00007ffae9da7000 	C:\WINDOWS\System32\cryptsp.dll
0x0000000053a40000 - 0x0000000053a4d000 	C:\Program Files\Java\jdk1.8.0_144\jre\bin\management.dll
0x0000000053a20000 - 0x0000000053a3a000 	C:\Program Files\Java\jdk1.8.0_144\jre\bin\net.dll
0x00007ffae9040000 - 0x00007ffae90a7000 	C:\WINDOWS\system32\mswsock.dll
0x0000000053a00000 - 0x0000000053a11000 	C:\Program Files\Java\jdk1.8.0_144\jre\bin\nio.dll
0x00007ffad47a0000 - 0x00007ffad47b6000 	C:\WINDOWS\system32\napinsp.dll
0x00007ffad4600000 - 0x00007ffad461a000 	C:\WINDOWS\system32\pnrpnsp.dll
0x00007ffae8da0000 - 0x00007ffae8e6a000 	C:\WINDOWS\SYSTEM32\DNSAPI.dll
0x00007ffaec6f0000 - 0x00007ffaec6f8000 	C:\WINDOWS\System32\NSI.dll
0x00007ffae8d50000 - 0x00007ffae8d8a000 	C:\WINDOWS\SYSTEM32\IPHLPAPI.DLL
0x00007ffad55b0000 - 0x00007ffad55be000 	C:\WINDOWS\System32\winrnr.dll
0x00007ffae5d00000 - 0x00007ffae5d1c000 	C:\WINDOWS\system32\NLAapi.dll
0x00007ffad4780000 - 0x00007ffad4795000 	C:\WINDOWS\system32\wshbth.dll
0x00007ffadb310000 - 0x00007ffadb31a000 	C:\Windows\System32\rasadhlp.dll
0x00007ffae37a0000 - 0x00007ffae3817000 	C:\WINDOWS\System32\fwpuclnt.dll
0x00007ffaea980000 - 0x00007ffaea9a6000 	C:\WINDOWS\System32\bcrypt.dll
0x00007ffae8bb0000 - 0x00007ffae8be3000 	C:\WINDOWS\system32\rsaenh.dll
0x00007ffae9750000 - 0x00007ffae9775000 	C:\WINDOWS\SYSTEM32\USERENV.dll
0x00007ffae9210000 - 0x00007ffae921c000 	C:\WINDOWS\SYSTEM32\CRYPTBASE.dll
0x00007ffae3de0000 - 0x00007ffae3df6000 	C:\WINDOWS\SYSTEM32\dhcpcsvc6.DLL
0x00007ffae4140000 - 0x00007ffae415c000 	C:\WINDOWS\SYSTEM32\dhcpcsvc.DLL

VM Arguments:
jvm_args: -Dcom.sun.management.jmxremote -Dcom.sun.management.jmxremote.port=63872 -Dcom.sun.management.jmxremote.authenticate=false -Dcom.sun.management.jmxremote.ssl=false -Djava.rmi.server.hostname=localhost -Dspring.jmx.enabled=true -Dspring.application.admin.enabled=true -Xverify:none -XX:TieredStopAtLevel=1 -Dfile.encoding=UTF-8 
java_command: com.naren.TicketBookingMysql.TicketBookingApplication
java_class_path (initial): D:\javaX\Hibernet\TicketBookingMysql\target\classes;C:\Users\dell\.m2\repository\org\springframework\boot\spring-boot-starter-data-jpa\2.1.9.RELEASE\spring-boot-starter-data-jpa-2.1.9.RELEASE.jar;C:\Users\dell\.m2\repository\org\springframework\boot\spring-boot-starter-aop\2.1.9.RELEASE\spring-boot-starter-aop-2.1.9.RELEASE.jar;C:\Users\dell\.m2\repository\org\springframework\spring-aop\5.1.10.RELEASE\spring-aop-5.1.10.RELEASE.jar;C:\Users\dell\.m2\repository\org\aspectj\aspectjweaver\1.9.4\aspectjweaver-1.9.4.jar;C:\Users\dell\.m2\repository\org\springframework\boot\spring-boot-starter-jdbc\2.1.9.RELEASE\spring-boot-starter-jdbc-2.1.9.RELEASE.jar;C:\Users\dell\.m2\repository\com\zaxxer\HikariCP\3.2.0\HikariCP-3.2.0.jar;C:\Users\dell\.m2\repository\org\springframework\spring-jdbc\5.1.10.RELEASE\spring-jdbc-5.1.10.RELEASE.jar;C:\Users\dell\.m2\repository\javax\transaction\javax.transaction-api\1.3\javax.transaction-api-1.3.jar;C:\Users\dell\.m2\repository\javax\xml\bind\jaxb-api\2.3.1\jaxb-api-2.3.1.jar;C:\Users\dell\.m2\repository\javax\activation\javax.activation-api\1.2.0\javax.activation-api-1.2.0.jar;C:\Users\dell\.m2\repository\org\hibernate\hibernate-core\5.3.12.Final\hibernate-core-5.3.12.Final.jar;C:\Users\dell\.m2\repository\org\jboss\logging\jboss-logging\3.3.3.Final\jboss-logging-3.3.3.Final.jar;C:\Users\dell\.m2\repository\javax\persistence\javax.persistence-api\2.2\javax.persistence-api-2.2.jar;C:\Users\dell\.m2\repository\org\javassist\javassist\3.23.2-GA\javassist-3.23.2-GA.jar;C:\Users\dell\.m2\repository\net\bytebuddy\byte-buddy\1.9.16\byte-buddy-1.9.16.jar;C:\Users\dell\.m2\repository\antlr\antlr\2.7.7\antlr-2.7.7.jar;C:\Users\dell\.m2\repository\org\jboss\jandex\2.0.5.Final\jandex-2.0.5.Final.jar;C:\Users\dell\.m2\repository\com\fasterxml\classmate\1.4.0\classmate-1.4.0.jar;C:\Users\dell\.m2\repository\org\dom4j\dom4j\2.1.1\dom4j-2.1.1.jar;C:\Users\dell\.m2\repository\org\hibernate\common\hibernate-commons-annotations\
Launcher Type: SUN_STANDARD

Environment Variables:
JAVA_HOME=C:\Program Files\Java\jdk1.8.0_144\
PATH=C:/Program Files/Java/jre1.8.0_144/bin/server;C:/Program Files/Java/jre1.8.0_144/bin;C:/Program Files/Java/jre1.8.0_144/lib/amd64;C:\ProgramData\Oracle\Java\javapath;C:\WINDOWS\system32;C:\WINDOWS;C:\WINDOWS\System32\Wbem;C:\WINDOWS\System32\WindowsPowerShell\v1.0\;C:\WINDOWS\System32\OpenSSH\;C:\Program Files\Intel\WiFi\bin\;C:\Program Files\Common Files\Intel\WirelessCommon\;C:\Program Files\MySQL\MySQL Utilities 1.6\;C:\Program Files\Java\jdk1.8.0_144\bin;C:\Users\dell\Downloads\apache-maven-3.6.1-bin\apache-maven-3.6.1\bin;C:\Program Files\Git\cmd;C:\Program Files\MySQL\MySQL Shell 8.0\bin\;C:\Program Files\Java\jdk1.8.0_144\bin;C:\Users\dell\Downloads\apache-maven-3.6.1-bin\apache-maven-3.6.1\bin;;C:\Users\dell\Documents\eclipse-jee-2019-06-R-win32-x86_64\eclipse;
USERNAME=dell
OS=Windows_NT
PROCESSOR_IDENTIFIER=Intel64 Family 6 Model 142 Stepping 9, GenuineIntel



---------------  S Y S T E M  ---------------

OS: Windows 10.0 , 64 bit Build 18362 (10.0.18362.329)

CPU:total 4 (initial active 4) (2 cores per cpu, 2 threads per core) family 6 model 142 stepping 9, cmov, cx8, fxsr, mmx, sse, sse2, sse3, ssse3, sse4.1, sse4.2, popcnt, avx, avx2, aes, clmul, erms, 3dnowpref, lzcnt, ht, tsc, tscinvbit, bmi1, bmi2, adx

Memory: 4k page, physical 8167788k(1200668k free), swap 10106220k(4104k free)

vm_info: Java HotSpot(TM) 64-Bit Server VM (25.144-b01) for windows-amd64 JRE (1.8.0_144-b01), built on Jul 21 2017 21:57:33 by "java_re" with MS VC++ 10.0 (VS2010)

time: Sun Oct 13 23:41:36 2019
elapsed time: 12 seconds (0d 0h 0m 12s)

